1606022659913	geckodriver	INFO	Listening on 127.0.0.1:52477
1606022659931	mozrunner::runner	INFO	Running command: "/usr/bin/firefox" "--marionette" "-foreground" "-no-remote" "-profile" "/tmp/rust_mozprofile2MeUnm"
console.warn: SearchSettings: "get: No settings file exists, new profile?" (new Error("", "(unknown module)"))
1606022668904	Marionette	INFO	Listening on port 33903
1606022669368	Marionette	WARN	TLS certificate errors will be ignored for this session
JavaScript warning: https://web.whatsapp.com/app.79cf3884c4bdafb8f9ef.js, line 1: unreachable code after return statement
JavaScript warning: https://web.whatsapp.com/app.79cf3884c4bdafb8f9ef.js, line 1: unreachable code after return statement
1606022729336	Marionette	INFO	Stopped listening on port 33903
1606025550118	geckodriver	INFO	Listening on 127.0.0.1:57041
1606025550133	mozrunner::runner	INFO	Running command: "/usr/bin/firefox" "--marionette" "-foreground" "-no-remote" "-profile" "/tmp/rust_mozprofilejbEOi6"
console.warn: SearchSettings: "get: No settings file exists, new profile?" (new Error("", "(unknown module)"))
1606025558680	Marionette	INFO	Listening on port 33461
1606025558911	Marionette	WARN	TLS certificate errors will be ignored for this session
JavaScript warning: https://web.whatsapp.com/app.79cf3884c4bdafb8f9ef.js, line 1: unreachable code after return statement
JavaScript warning: https://web.whatsapp.com/app.79cf3884c4bdafb8f9ef.js, line 1: unreachable code after return statement
Exiting due to channel error.
[GFX1-]: Receive IPC close with reason=AbnormalShutdown
Exiting due to channel error.
Exiting due to channel error.
1606025627675	geckodriver	INFO	Listening on 127.0.0.1:46823
1606025627690	mozrunner::runner	INFO	Running command: "/usr/bin/firefox" "--marionette" "-foreground" "-no-remote" "-profile" "/tmp/rust_mozprofileucbLR3"
console.warn: SearchSettings: "get: No settings file exists, new profile?" (new Error("", "(unknown module)"))
1606025636347	Marionette	INFO	Listening on port 42269
1606025636536	Marionette	WARN	TLS certificate errors will be ignored for this session
JavaScript warning: https://web.whatsapp.com/app.79cf3884c4bdafb8f9ef.js, line 1: unreachable code after return statement
JavaScript warning: https://web.whatsapp.com/app.79cf3884c4bdafb8f9ef.js, line 1: unreachable code after return statement
console.error: Region.jsm: "Error fetching region" (new Error("TIMEOUT", "resource://gre/modules/Region.jsm", 726))
console.error: Region.jsm: "Failed to fetch region" (new Error("TIMEOUT", "resource://gre/modules/Region.jsm", 376))
1606025660748	Marionette	WARN	TimedPromise timed out after 500 ms: stacktrace:
TimedPromise/<@chrome://marionette/content/sync.js:228:19
TimedPromise@chrome://marionette/content/sync.js:213:10
interaction.flushEventLoop@chrome://marionette/content/interaction.js:418:10
webdriverClickElement@chrome://marionette/content/interaction.js:179:31
1606025671112	Marionette	INFO	Stopped listening on port 42269
1610005640927	geckodriver	INFO	Listening on 127.0.0.1:39141
1610005640942	mozrunner::runner	INFO	Running command: "/usr/bin/firefox" "--marionette" "-foreground" "-no-remote" "-profile" "/tmp/rust_mozprofileDybr5U"
console.warn: SearchSettings: "get: No settings file exists, new profile?" (new Error("", "(unknown module)"))
1610005647547	Marionette	INFO	Listening on port 40933
1610005647681	Marionette	WARN	TLS certificate errors will be ignored for this session
JavaScript warning: https://web.whatsapp.com/app.6be31a9914b3f8e528be.js, line 1: unreachable code after return statement
JavaScript warning: https://web.whatsapp.com/app.6be31a9914b3f8e528be.js, line 1: unreachable code after return statement
1610005743840	geckodriver	INFO	Listening on 127.0.0.1:53883
1610005743857	mozrunner::runner	INFO	Running command: "/usr/bin/firefox" "--marionette" "-foreground" "-no-remote" "-profile" "/tmp/rust_mozprofileBFjgAJ"
console.warn: SearchSettings: "get: No settings file exists, new profile?" (new Error("", "(unknown module)"))
1610005750348	Marionette	INFO	Listening on port 36835
1610005750466	Marionette	WARN	TLS certificate errors will be ignored for this session
JavaScript warning: https://web.whatsapp.com/app.6be31a9914b3f8e528be.js, line 1: unreachable code after return statement
JavaScript warning: https://web.whatsapp.com/app.6be31a9914b3f8e528be.js, line 1: unreachable code after return statement
1610005840872	geckodriver	INFO	Listening on 127.0.0.1:49231
1610005840890	mozrunner::runner	INFO	Running command: "/usr/bin/firefox" "--marionette" "-foreground" "-no-remote" "-profile" "/tmp/rust_mozprofileAoMdFz"
console.warn: SearchSettings: "get: No settings file exists, new profile?" (new Error("", "(unknown module)"))
1610005847489	Marionette	INFO	Listening on port 34603
1610005847599	Marionette	WARN	TLS certificate errors will be ignored for this session
JavaScript warning: https://web.whatsapp.com/app.6be31a9914b3f8e528be.js, line 1: unreachable code after return statement
JavaScript warning: https://web.whatsapp.com/app.6be31a9914b3f8e528be.js, line 1: unreachable code after return statement
1610005923932	geckodriver	INFO	Listening on 127.0.0.1:43741
1610005923946	mozrunner::runner	INFO	Running command: "/usr/bin/firefox" "--marionette" "-foreground" "-no-remote" "-profile" "/tmp/rust_mozprofileNBIgGc"
console.warn: SearchSettings: "get: No settings file exists, new profile?" (new Error("", "(unknown module)"))
1610005930831	Marionette	INFO	Listening on port 44789
1610005930965	Marionette	WARN	TLS certificate errors will be ignored for this session
JavaScript warning: https://web.whatsapp.com/app.6be31a9914b3f8e528be.js, line 1: unreachable code after return statement
JavaScript warning: https://web.whatsapp.com/app.6be31a9914b3f8e528be.js, line 1: unreachable code after return statement
1610005961007	Marionette	INFO	Stopped listening on port 44789
